<?xml version="1.0" encoding="UTF-8"?>
<!-- Generated by org.testng.reporters.JUnitReportReporter -->
<testsuite hostname="DESKTOP-MJOMPQL" failures="0" tests="1" name="Testcase.TC_001" time="0.072" errors="0" timestamp="2025-04-22T20:11:14 IST" skipped="0">
  <testcase classname="Testcase.TC_001" name="login" time="0.072"/>
</testsuite> <!-- Testcase.TC_001 -->
